Jan 11, 2013 5:23:51 PM org.apache.catalina.core.AprLifecycleListener init
INFO: The APR based Apache Tomcat Native library which allows optimal performance in production environments was not found on the java.library.path: C:\Program Files\Java\jdk1.6.0_31\bin;C:\Windows\Sun\Java\bin;C:\Windows\system32;C:\Windows;C:\Users\Vtssogari\AppData\Local\GitHub\PortableGit_93e8418133eb85e81a81e5e19c272776524496c6\cmd;C:\Users\Vtssogari\AppData\Local\GitHub\PortableGit_93e8418133eb85e81a81e5e19c272776524496c6\bin;C:\Users\Vtssogari\AppData\Local\GitHub\PortableGit_93e8418133eb85e81a81e5e19c272776524496c6\mingw\bin;C:\Users\Vtssogari\AppData\Local\Apps\2.0\WLZJP5T2.N9J\38LB56ZQ.W7X\gith..tion_8f45a2159c87c850_0001.0000_4fca6a02c52cbc80;C:\Windows\Microsoft.NET\Framework\v4.0.30319;C:\Program Files\VMware\VMware vSphere CLI\Perl\site\bin;C:\Program Files\VMware\VMware vSphere CLI\Perl\bin;C:\Windows\system32;C:\Windows;C:\Windows\System32\Wbem;C:\Windows\System32\WindowsPowerShell\v1.0\;C:\programs\apache-maven-3.0.4\bin;C:\Program Files\Microsoft ASP.NET\ASP.NET Web Pages\v1.0\;C:\Program Files\Microsoft\Web Platform Installer\;C:\Program Files\Microsoft SQL Server\110\Tools\Binn\;C:\Program Files\QuickTime\QTSystem\;C:\Program Files\Microsoft SDKs\TypeScript\0.8.1.1\;C:\programs\gradle-1.3\bin;.
Jan 11, 2013 5:23:52 PM org.apache.coyote.AbstractProtocol init
INFO: Initializing ProtocolHandler ["http-bio-8082"]
Jan 11, 2013 5:23:52 PM org.apache.coyote.AbstractProtocol init
INFO: Initializing ProtocolHandler ["ajp-bio-8012"]
Jan 11, 2013 5:23:52 PM org.apache.catalina.startup.Catalina load
INFO: Initialization processed in 490 ms
Jan 11, 2013 5:23:52 PM org.apache.catalina.core.StandardService startInternal
INFO: Starting service Catalina
Jan 11, 2013 5:23:52 PM org.apache.catalina.core.StandardEngine startInternal
INFO: Starting Servlet Engine: Apache Tomcat/7.0.34
Jan 11, 2013 5:23:52 PM org.apache.catalina.startup.HostConfig deployDirectory
INFO: Deploying web application directory C:\Users\Vtssogari\Documents\GitHub\automateScript\web\tomcat\build\tomcat\tomcat7_3\apache-tomcat-7.0.34\webapps\docs
Jan 11, 2013 5:23:52 PM org.apache.catalina.startup.HostConfig deployDirectory
INFO: Deploying web application directory C:\Users\Vtssogari\Documents\GitHub\automateScript\web\tomcat\build\tomcat\tomcat7_3\apache-tomcat-7.0.34\webapps\examples
Jan 11, 2013 5:23:52 PM org.apache.catalina.startup.HostConfig deployDirectory
INFO: Deploying web application directory C:\Users\Vtssogari\Documents\GitHub\automateScript\web\tomcat\build\tomcat\tomcat7_3\apache-tomcat-7.0.34\webapps\host-manager
Jan 11, 2013 5:23:52 PM org.apache.catalina.startup.HostConfig deployDirectory
INFO: Deploying web application directory C:\Users\Vtssogari\Documents\GitHub\automateScript\web\tomcat\build\tomcat\tomcat7_3\apache-tomcat-7.0.34\webapps\manager
Jan 11, 2013 5:23:52 PM org.apache.catalina.startup.HostConfig deployDirectory
INFO: Deploying web application directory C:\Users\Vtssogari\Documents\GitHub\automateScript\web\tomcat\build\tomcat\tomcat7_3\apache-tomcat-7.0.34\webapps\ROOT
Jan 11, 2013 5:23:52 PM org.apache.coyote.AbstractProtocol start
INFO: Starting ProtocolHandler ["http-bio-8082"]
Jan 11, 2013 5:23:52 PM org.apache.coyote.AbstractProtocol start
INFO: Starting ProtocolHandler ["ajp-bio-8012"]
Jan 11, 2013 5:23:52 PM org.apache.catalina.startup.Catalina start
INFO: Server startup in 529 ms
Jan 11, 2013 5:28:11 PM org.apache.catalina.core.AprLifecycleListener init
INFO: The APR based Apache Tomcat Native library which allows optimal performance in production environments was not found on the java.library.path: C:\Program Files\Java\jdk1.6.0_31\bin;C:\Windows\Sun\Java\bin;C:\Windows\system32;C:\Windows;C:\Program Files\VMware\VMware vSphere CLI\Perl\site\bin;C:\Program Files\VMware\VMware vSphere CLI\Perl\bin;C:\Windows\system32;C:\Windows;C:\Windows\System32\Wbem;C:\Windows\System32\WindowsPowerShell\v1.0\;C:\programs\apache-maven-3.0.4\bin;C:\Program Files\Microsoft ASP.NET\ASP.NET Web Pages\v1.0\;C:\Program Files\Microsoft\Web Platform Installer\;C:\Program Files\Microsoft SQL Server\110\Tools\Binn\;C:\Program Files\QuickTime\QTSystem\;C:\Program Files\Microsoft SDKs\TypeScript\0.8.1.1\;C:\programs\gradle-1.3\bin;.
Jan 11, 2013 5:28:12 PM org.apache.coyote.AbstractProtocol init
INFO: Initializing ProtocolHandler ["http-bio-8082"]
Jan 11, 2013 5:28:12 PM org.apache.coyote.AbstractProtocol init
INFO: Initializing ProtocolHandler ["ajp-bio-8012"]
Jan 11, 2013 5:28:12 PM org.apache.catalina.startup.Catalina load
INFO: Initialization processed in 459 ms
Jan 11, 2013 5:28:12 PM org.apache.catalina.core.StandardService startInternal
INFO: Starting service Catalina
Jan 11, 2013 5:28:12 PM org.apache.catalina.core.StandardEngine startInternal
INFO: Starting Servlet Engine: Apache Tomcat/7.0.34
Jan 11, 2013 5:28:12 PM org.apache.catalina.startup.HostConfig deployDescriptor
INFO: Deploying configuration descriptor C:\Users\Vtssogari\Documents\GitHub\automateScript\web\tomcat\build\tomcat\tomcat7_3\apache-tomcat-7.0.34\conf\Catalina\localhost\solr.xml
Jan 11, 2013 5:28:12 PM org.apache.catalina.startup.HostConfig deployDescriptor
WARNING: A docBase C:\Users\Vtssogari\Documents\GitHub\automateScript\web\tomcat\build\tomcat\tomcat7_3\apache-tomcat-7.0.34\webapps\solr.war inside the host appBase has been specified, and will be ignored
Jan 11, 2013 5:28:12 PM org.apache.catalina.startup.SetContextPropertiesRule begin
WARNING: [SetContextPropertiesRule]{Context} Setting property 'debug' to '0' did not find a matching property.
Jan 11, 2013 5:28:13 PM org.apache.solr.servlet.SolrDispatchFilter init
INFO: SolrDispatchFilter.init()
Jan 11, 2013 5:28:13 PM org.apache.solr.core.SolrResourceLoader locateSolrHome
INFO: Using JNDI solr.home: C:\Users\Vtssogari\Documents\GitHub\automateScript\app\solr\build\solr_home\solr_home_3
Jan 11, 2013 5:28:13 PM org.apache.solr.core.CoreContainer$Initializer initialize
INFO: looking for solr.xml: C:\Users\Vtssogari\Documents\GitHub\automateScript\app\solr\build\solr_home\solr_home_3\solr.xml
Jan 11, 2013 5:28:13 PM org.apache.solr.core.CoreContainer <init>
INFO: New CoreContainer 18096534
Jan 11, 2013 5:28:13 PM org.apache.solr.core.CoreContainer load
INFO: Loading CoreContainer using Solr Home: 'C:\Users\Vtssogari\Documents\GitHub\automateScript\app\solr\build\solr_home\solr_home_3\'
Jan 11, 2013 5:28:13 PM org.apache.solr.core.SolrResourceLoader <init>
INFO: new SolrResourceLoader for directory: 'C:\Users\Vtssogari\Documents\GitHub\automateScript\app\solr\build\solr_home\solr_home_3\'
Jan 11, 2013 5:28:13 PM org.apache.solr.core.SolrResourceLoader replaceClassLoader
INFO: Adding 'file:/C:/Users/Vtssogari/Documents/GitHub/automateScript/app/solr/build/solr_home/solr_home_3/lib/apache-solr-analysis-extras-4.1-2013-01-07_23-32-20.jar' to classloader
Jan 11, 2013 5:28:13 PM org.apache.solr.core.SolrResourceLoader replaceClassLoader
INFO: Adding 'file:/C:/Users/Vtssogari/Documents/GitHub/automateScript/app/solr/build/solr_home/solr_home_3/lib/apache-solr-cell-4.1-2013-01-07_23-32-20.jar' to classloader
Jan 11, 2013 5:28:13 PM org.apache.solr.core.SolrResourceLoader replaceClassLoader
INFO: Adding 'file:/C:/Users/Vtssogari/Documents/GitHub/automateScript/app/solr/build/solr_home/solr_home_3/lib/apache-solr-clustering-4.1-2013-01-07_23-32-20.jar' to classloader
Jan 11, 2013 5:28:13 PM org.apache.solr.core.SolrResourceLoader replaceClassLoader
INFO: Adding 'file:/C:/Users/Vtssogari/Documents/GitHub/automateScript/app/solr/build/solr_home/solr_home_3/lib/apache-solr-core-4.1-2013-01-07_23-32-20.jar' to classloader
Jan 11, 2013 5:28:13 PM org.apache.solr.core.SolrResourceLoader replaceClassLoader
INFO: Adding 'file:/C:/Users/Vtssogari/Documents/GitHub/automateScript/app/solr/build/solr_home/solr_home_3/lib/apache-solr-dataimporthandler-4.1-2013-01-07_23-32-20.jar' to classloader
Jan 11, 2013 5:28:13 PM org.apache.solr.core.SolrResourceLoader replaceClassLoader
INFO: Adding 'file:/C:/Users/Vtssogari/Documents/GitHub/automateScript/app/solr/build/solr_home/solr_home_3/lib/apache-solr-dataimporthandler-extras-4.1-2013-01-07_23-32-20.jar' to classloader
Jan 11, 2013 5:28:13 PM org.apache.solr.core.SolrResourceLoader replaceClassLoader
INFO: Adding 'file:/C:/Users/Vtssogari/Documents/GitHub/automateScript/app/solr/build/solr_home/solr_home_3/lib/apache-solr-langid-4.1-2013-01-07_23-32-20.jar' to classloader
Jan 11, 2013 5:28:13 PM org.apache.solr.core.SolrResourceLoader replaceClassLoader
INFO: Adding 'file:/C:/Users/Vtssogari/Documents/GitHub/automateScript/app/solr/build/solr_home/solr_home_3/lib/apache-solr-solrj-4.1-2013-01-07_23-32-20.jar' to classloader
Jan 11, 2013 5:28:13 PM org.apache.solr.core.SolrResourceLoader replaceClassLoader
INFO: Adding 'file:/C:/Users/Vtssogari/Documents/GitHub/automateScript/app/solr/build/solr_home/solr_home_3/lib/apache-solr-test-framework-4.1-2013-01-07_23-32-20.jar' to classloader
Jan 11, 2013 5:28:13 PM org.apache.solr.core.SolrResourceLoader replaceClassLoader
INFO: Adding 'file:/C:/Users/Vtssogari/Documents/GitHub/automateScript/app/solr/build/solr_home/solr_home_3/lib/apache-solr-uima-4.1-2013-01-07_23-32-20.jar' to classloader
Jan 11, 2013 5:28:13 PM org.apache.solr.core.SolrResourceLoader replaceClassLoader
INFO: Adding 'file:/C:/Users/Vtssogari/Documents/GitHub/automateScript/app/solr/build/solr_home/solr_home_3/lib/apache-solr-velocity-4.1-2013-01-07_23-32-20.jar' to classloader
Jan 11, 2013 5:28:13 PM org.apache.solr.core.SolrResourceLoader replaceClassLoader
INFO: Adding 'file:/C:/Users/Vtssogari/Documents/GitHub/automateScript/app/solr/build/solr_home/solr_home_3/lib/ojdbc14.jar' to classloader
Jan 11, 2013 5:28:14 PM org.apache.solr.handler.component.HttpShardHandlerFactory getParameter
INFO: Setting socketTimeout to: 0
Jan 11, 2013 5:28:14 PM org.apache.solr.handler.component.HttpShardHandlerFactory getParameter
INFO: Setting urlScheme to: http://
Jan 11, 2013 5:28:14 PM org.apache.solr.handler.component.HttpShardHandlerFactory getParameter
INFO: Setting connTimeout to: 0
Jan 11, 2013 5:28:14 PM org.apache.solr.handler.component.HttpShardHandlerFactory getParameter
INFO: Setting maxConnectionsPerHost to: 20
Jan 11, 2013 5:28:14 PM org.apache.solr.handler.component.HttpShardHandlerFactory getParameter
INFO: Setting corePoolSize to: 0
Jan 11, 2013 5:28:14 PM org.apache.solr.handler.component.HttpShardHandlerFactory getParameter
INFO: Setting maximumPoolSize to: 2147483647
Jan 11, 2013 5:28:14 PM org.apache.solr.handler.component.HttpShardHandlerFactory getParameter
INFO: Setting maxThreadIdleTime to: 5
Jan 11, 2013 5:28:14 PM org.apache.solr.handler.component.HttpShardHandlerFactory getParameter
INFO: Setting sizeOfQueue to: -1
Jan 11, 2013 5:28:14 PM org.apache.solr.handler.component.HttpShardHandlerFactory getParameter
INFO: Setting fairnessPolicy to: false
Jan 11, 2013 5:28:14 PM org.apache.solr.client.solrj.impl.HttpClientUtil createClient
INFO: Creating new http client, config:maxConnectionsPerHost=20&maxConnections=10000&socketTimeout=0&connTimeout=0&retry=false
Jan 11, 2013 5:28:14 PM org.apache.solr.core.CoreContainer load
INFO: Registering Log Listener
Jan 11, 2013 5:28:14 PM org.apache.solr.core.CoreContainer initZooKeeper
INFO: Zookeeper client=localhost:2181,localhost:2182,localhost:2183
Jan 11, 2013 5:28:14 PM org.apache.solr.client.solrj.impl.HttpClientUtil createClient
INFO: Creating new http client, config:maxConnections=500&maxConnectionsPerHost=16&socketTimeout=0&connTimeout=0
Jan 11, 2013 5:28:14 PM org.apache.zookeeper.Environment logEnv
INFO: Client environment:zookeeper.version=3.4.5-1392090, built on 09/30/2012 17:52 GMT
Jan 11, 2013 5:28:14 PM org.apache.zookeeper.Environment logEnv
INFO: Client environment:host.name=Vtssogari-PC
Jan 11, 2013 5:28:14 PM org.apache.zookeeper.Environment logEnv
INFO: Client environment:java.version=1.6.0_31
Jan 11, 2013 5:28:14 PM org.apache.zookeeper.Environment logEnv
INFO: Client environment:java.vendor=Sun Microsystems Inc.
Jan 11, 2013 5:28:14 PM org.apache.zookeeper.Environment logEnv
INFO: Client environment:java.home=C:\Program Files\Java\jdk1.6.0_31\jre
Jan 11, 2013 5:28:14 PM org.apache.zookeeper.Environment logEnv
INFO: Client environment:java.class.path=C:\Users\Vtssogari\Documents\GitHub\automateScript\web\tomcat\build\tomcat\tomcat7_3\apache-tomcat-7.0.34\bin\bootstrap.jar;C:\Users\Vtssogari\Documents\GitHub\automateScript\web\tomcat\build\tomcat\tomcat7_3\apache-tomcat-7.0.34\bin\tomcat-juli.jar
Jan 11, 2013 5:28:14 PM org.apache.zookeeper.Environment logEnv
INFO: Client environment:java.library.path=C:\Program Files\Java\jdk1.6.0_31\bin;C:\Windows\Sun\Java\bin;C:\Windows\system32;C:\Windows;C:\Program Files\VMware\VMware vSphere CLI\Perl\site\bin;C:\Program Files\VMware\VMware vSphere CLI\Perl\bin;C:\Windows\system32;C:\Windows;C:\Windows\System32\Wbem;C:\Windows\System32\WindowsPowerShell\v1.0\;C:\programs\apache-maven-3.0.4\bin;C:\Program Files\Microsoft ASP.NET\ASP.NET Web Pages\v1.0\;C:\Program Files\Microsoft\Web Platform Installer\;C:\Program Files\Microsoft SQL Server\110\Tools\Binn\;C:\Program Files\QuickTime\QTSystem\;C:\Program Files\Microsoft SDKs\TypeScript\0.8.1.1\;C:\programs\gradle-1.3\bin;.
Jan 11, 2013 5:28:14 PM org.apache.zookeeper.Environment logEnv
INFO: Client environment:java.io.tmpdir=C:\Users\Vtssogari\Documents\GitHub\automateScript\web\tomcat\build\tomcat\tomcat7_3\apache-tomcat-7.0.34\temp
Jan 11, 2013 5:28:14 PM org.apache.zookeeper.Environment logEnv
INFO: Client environment:java.compiler=<NA>
Jan 11, 2013 5:28:14 PM org.apache.zookeeper.Environment logEnv
INFO: Client environment:os.name=Windows 7
Jan 11, 2013 5:28:14 PM org.apache.zookeeper.Environment logEnv
INFO: Client environment:os.arch=x86
Jan 11, 2013 5:28:14 PM org.apache.zookeeper.Environment logEnv
INFO: Client environment:os.version=6.1
Jan 11, 2013 5:28:14 PM org.apache.zookeeper.Environment logEnv
INFO: Client environment:user.name=Vtssogari
Jan 11, 2013 5:28:14 PM org.apache.zookeeper.Environment logEnv
INFO: Client environment:user.home=C:\Users\Vtssogari
Jan 11, 2013 5:28:14 PM org.apache.zookeeper.Environment logEnv
INFO: Client environment:user.dir=C:\Users\Vtssogari\Documents\GitHub\automateScript\web\tomcat\build\tomcat\tomcat7_3\apache-tomcat-7.0.34\bin
Jan 11, 2013 5:28:14 PM org.apache.zookeeper.ZooKeeper <init>
INFO: Initiating client connection, connectString=localhost:2181,localhost:2182,localhost:2183 sessionTimeout=20000 watcher=org.apache.solr.common.cloud.ConnectionManager@15fb38
Jan 11, 2013 5:28:14 PM org.apache.solr.common.cloud.ConnectionManager waitForConnected
INFO: Waiting for client to connect to ZooKeeper
Jan 11, 2013 5:28:14 PM org.apache.zookeeper.ClientCnxn$SendThread logStartConnect
INFO: Opening socket connection to server 127.0.0.1/127.0.0.1:2181. Will not attempt to authenticate using SASL (Unable to locate a login configuration)
Jan 11, 2013 5:28:14 PM org.apache.zookeeper.ClientCnxn$SendThread primeConnection
INFO: Socket connection established to 127.0.0.1/127.0.0.1:2181, initiating session
Jan 11, 2013 5:28:14 PM org.apache.zookeeper.ClientCnxn$SendThread onConnected
INFO: Session establishment complete on server 127.0.0.1/127.0.0.1:2181, sessionid = 0x13c2bb936ed0000, negotiated timeout = 20000
Jan 11, 2013 5:28:14 PM org.apache.solr.common.cloud.ConnectionManager process
INFO: Watcher org.apache.solr.common.cloud.ConnectionManager@15fb38 name:ZooKeeperConnection Watcher:localhost:2181,localhost:2182,localhost:2183 got event WatchedEvent state:SyncConnected type:None path:null path:null type:None
Jan 11, 2013 5:28:14 PM org.apache.solr.common.cloud.ConnectionManager waitForConnected
INFO: Client is connected to ZooKeeper
Jan 11, 2013 5:28:14 PM org.apache.solr.cloud.ZkController createEphemeralLiveNode
INFO: Register node as live in ZooKeeper:/live_nodes/192.168.92.1:8082_solr
Jan 11, 2013 5:28:14 PM org.apache.solr.common.cloud.SolrZkClient makePath
INFO: makePath: /live_nodes/192.168.92.1:8082_solr
Jan 11, 2013 5:28:14 PM org.apache.solr.common.cloud.ZkStateReader createClusterStateWatchersAndUpdate
INFO: Updating cluster state from ZooKeeper... 
Jan 11, 2013 5:28:14 PM org.apache.solr.core.CoreContainer load
INFO: loading shared library: C:\Users\Vtssogari\Documents\GitHub\automateScript\app\solr\build\solr_home\solr_home_3\lib
Jan 11, 2013 5:28:14 PM org.apache.solr.core.SolrResourceLoader replaceClassLoader
INFO: Adding 'file:/C:/Users/Vtssogari/Documents/GitHub/automateScript/app/solr/build/solr_home/solr_home_3/lib/apache-solr-analysis-extras-4.1-2013-01-07_23-32-20.jar' to classloader
Jan 11, 2013 5:28:14 PM org.apache.solr.core.SolrResourceLoader replaceClassLoader
INFO: Adding 'file:/C:/Users/Vtssogari/Documents/GitHub/automateScript/app/solr/build/solr_home/solr_home_3/lib/apache-solr-cell-4.1-2013-01-07_23-32-20.jar' to classloader
Jan 11, 2013 5:28:14 PM org.apache.solr.core.SolrResourceLoader replaceClassLoader
INFO: Adding 'file:/C:/Users/Vtssogari/Documents/GitHub/automateScript/app/solr/build/solr_home/solr_home_3/lib/apache-solr-clustering-4.1-2013-01-07_23-32-20.jar' to classloader
Jan 11, 2013 5:28:14 PM org.apache.solr.core.SolrResourceLoader replaceClassLoader
INFO: Adding 'file:/C:/Users/Vtssogari/Documents/GitHub/automateScript/app/solr/build/solr_home/solr_home_3/lib/apache-solr-core-4.1-2013-01-07_23-32-20.jar' to classloader
Jan 11, 2013 5:28:14 PM org.apache.solr.core.SolrResourceLoader replaceClassLoader
INFO: Adding 'file:/C:/Users/Vtssogari/Documents/GitHub/automateScript/app/solr/build/solr_home/solr_home_3/lib/apache-solr-dataimporthandler-4.1-2013-01-07_23-32-20.jar' to classloader
Jan 11, 2013 5:28:14 PM org.apache.solr.core.SolrResourceLoader replaceClassLoader
INFO: Adding 'file:/C:/Users/Vtssogari/Documents/GitHub/automateScript/app/solr/build/solr_home/solr_home_3/lib/apache-solr-dataimporthandler-extras-4.1-2013-01-07_23-32-20.jar' to classloader
Jan 11, 2013 5:28:14 PM org.apache.solr.core.SolrResourceLoader replaceClassLoader
INFO: Adding 'file:/C:/Users/Vtssogari/Documents/GitHub/automateScript/app/solr/build/solr_home/solr_home_3/lib/apache-solr-langid-4.1-2013-01-07_23-32-20.jar' to classloader
Jan 11, 2013 5:28:14 PM org.apache.solr.core.SolrResourceLoader replaceClassLoader
INFO: Adding 'file:/C:/Users/Vtssogari/Documents/GitHub/automateScript/app/solr/build/solr_home/solr_home_3/lib/apache-solr-solrj-4.1-2013-01-07_23-32-20.jar' to classloader
Jan 11, 2013 5:28:14 PM org.apache.solr.core.SolrResourceLoader replaceClassLoader
INFO: Adding 'file:/C:/Users/Vtssogari/Documents/GitHub/automateScript/app/solr/build/solr_home/solr_home_3/lib/apache-solr-test-framework-4.1-2013-01-07_23-32-20.jar' to classloader
Jan 11, 2013 5:28:14 PM org.apache.solr.core.SolrResourceLoader replaceClassLoader
INFO: Adding 'file:/C:/Users/Vtssogari/Documents/GitHub/automateScript/app/solr/build/solr_home/solr_home_3/lib/apache-solr-uima-4.1-2013-01-07_23-32-20.jar' to classloader
Jan 11, 2013 5:28:14 PM org.apache.solr.core.SolrResourceLoader replaceClassLoader
INFO: Adding 'file:/C:/Users/Vtssogari/Documents/GitHub/automateScript/app/solr/build/solr_home/solr_home_3/lib/apache-solr-velocity-4.1-2013-01-07_23-32-20.jar' to classloader
Jan 11, 2013 5:28:14 PM org.apache.solr.core.SolrResourceLoader replaceClassLoader
INFO: Adding 'file:/C:/Users/Vtssogari/Documents/GitHub/automateScript/app/solr/build/solr_home/solr_home_3/lib/ojdbc14.jar' to classloader
Jan 11, 2013 5:28:14 PM org.apache.solr.servlet.SolrDispatchFilter init
INFO: user.dir=C:\Users\Vtssogari\Documents\GitHub\automateScript\web\tomcat\build\tomcat\tomcat7_3\apache-tomcat-7.0.34\bin
Jan 11, 2013 5:28:14 PM org.apache.solr.servlet.SolrDispatchFilter init
INFO: SolrDispatchFilter.init() done
Jan 11, 2013 5:28:14 PM org.apache.catalina.startup.HostConfig deployDirectory
INFO: Deploying web application directory C:\Users\Vtssogari\Documents\GitHub\automateScript\web\tomcat\build\tomcat\tomcat7_3\apache-tomcat-7.0.34\webapps\docs
Jan 11, 2013 5:28:15 PM org.apache.catalina.startup.HostConfig deployDirectory
INFO: Deploying web application directory C:\Users\Vtssogari\Documents\GitHub\automateScript\web\tomcat\build\tomcat\tomcat7_3\apache-tomcat-7.0.34\webapps\examples
Jan 11, 2013 5:28:15 PM org.apache.catalina.startup.HostConfig deployDirectory
INFO: Deploying web application directory C:\Users\Vtssogari\Documents\GitHub\automateScript\web\tomcat\build\tomcat\tomcat7_3\apache-tomcat-7.0.34\webapps\host-manager
Jan 11, 2013 5:28:15 PM org.apache.catalina.startup.HostConfig deployDirectory
INFO: Deploying web application directory C:\Users\Vtssogari\Documents\GitHub\automateScript\web\tomcat\build\tomcat\tomcat7_3\apache-tomcat-7.0.34\webapps\manager
Jan 11, 2013 5:28:15 PM org.apache.catalina.startup.HostConfig deployDirectory
INFO: Deploying web application directory C:\Users\Vtssogari\Documents\GitHub\automateScript\web\tomcat\build\tomcat\tomcat7_3\apache-tomcat-7.0.34\webapps\ROOT
Jan 11, 2013 5:28:15 PM org.apache.coyote.AbstractProtocol start
INFO: Starting ProtocolHandler ["http-bio-8082"]
Jan 11, 2013 5:28:15 PM org.apache.coyote.AbstractProtocol start
INFO: Starting ProtocolHandler ["ajp-bio-8012"]
Jan 11, 2013 5:28:15 PM org.apache.catalina.startup.Catalina start
INFO: Server startup in 3200 ms
Jan 11, 2013 5:28:47 PM org.apache.solr.common.cloud.ZkStateReader$2 process
INFO: A cluster state change: WatchedEvent state:SyncConnected type:NodeDataChanged path:/clusterstate.json, has occurred - updating... (live nodes size: 3)
Jan 11, 2013 5:28:48 PM org.apache.solr.common.cloud.ZkStateReader$2 process
INFO: A cluster state change: WatchedEvent state:SyncConnected type:NodeDataChanged path:/clusterstate.json, has occurred - updating... (live nodes size: 3)
Jan 11, 2013 5:28:50 PM org.apache.solr.common.cloud.ZkStateReader$2 process
INFO: A cluster state change: WatchedEvent state:SyncConnected type:NodeDataChanged path:/clusterstate.json, has occurred - updating... (live nodes size: 3)
Jan 11, 2013 5:29:43 PM org.apache.solr.common.cloud.ZkStateReader$2 process
INFO: A cluster state change: WatchedEvent state:SyncConnected type:NodeDataChanged path:/clusterstate.json, has occurred - updating... (live nodes size: 3)
Jan 11, 2013 5:29:44 PM org.apache.solr.common.cloud.ZkStateReader$2 process
INFO: A cluster state change: WatchedEvent state:SyncConnected type:NodeDataChanged path:/clusterstate.json, has occurred - updating... (live nodes size: 3)
Jan 11, 2013 5:29:47 PM org.apache.solr.common.cloud.ZkStateReader$2 process
INFO: A cluster state change: WatchedEvent state:SyncConnected type:NodeDataChanged path:/clusterstate.json, has occurred - updating... (live nodes size: 3)
Jan 11, 2013 5:30:13 PM org.apache.solr.core.CoreContainer create
INFO: Creating SolrCore 'udid_udi' using instanceDir: C:\Users\Vtssogari\Documents\GitHub\automateScript\app\solr\build\solr_home\solr_home_3\udid_udi
Jan 11, 2013 5:30:13 PM org.apache.solr.cloud.ZkController createCollectionZkNode
INFO: Check for collection zkNode:udid_udi
Jan 11, 2013 5:30:13 PM org.apache.solr.cloud.ZkController createCollectionZkNode
INFO: Collection zkNode exists
Jan 11, 2013 5:30:13 PM org.apache.solr.cloud.ZkController readConfigName
INFO: Load collection config from:/collections/udid_udi
Jan 11, 2013 5:30:13 PM org.apache.solr.core.SolrResourceLoader <init>
INFO: new SolrResourceLoader for directory: 'C:\Users\Vtssogari\Documents\GitHub\automateScript\app\solr\build\solr_home\solr_home_3\udid_udi\'
Jan 11, 2013 5:30:13 PM org.apache.solr.core.SolrConfig initLibs
INFO: Adding specified lib dirs to ClassLoader
Jan 11, 2013 5:30:13 PM org.apache.solr.core.SolrResourceLoader replaceClassLoader
INFO: Adding 'file:/C:/Users/Vtssogari/Documents/GitHub/automateScript/app/solr/build/solr_home/solr_home_3/lib/apache-solr-analysis-extras-4.1-2013-01-07_23-32-20.jar' to classloader
Jan 11, 2013 5:30:13 PM org.apache.solr.core.SolrResourceLoader replaceClassLoader
INFO: Adding 'file:/C:/Users/Vtssogari/Documents/GitHub/automateScript/app/solr/build/solr_home/solr_home_3/lib/apache-solr-cell-4.1-2013-01-07_23-32-20.jar' to classloader
Jan 11, 2013 5:30:13 PM org.apache.solr.core.SolrResourceLoader replaceClassLoader
INFO: Adding 'file:/C:/Users/Vtssogari/Documents/GitHub/automateScript/app/solr/build/solr_home/solr_home_3/lib/apache-solr-clustering-4.1-2013-01-07_23-32-20.jar' to classloader
Jan 11, 2013 5:30:13 PM org.apache.solr.core.SolrResourceLoader replaceClassLoader
INFO: Adding 'file:/C:/Users/Vtssogari/Documents/GitHub/automateScript/app/solr/build/solr_home/solr_home_3/lib/apache-solr-core-4.1-2013-01-07_23-32-20.jar' to classloader
Jan 11, 2013 5:30:13 PM org.apache.solr.core.SolrResourceLoader replaceClassLoader
INFO: Adding 'file:/C:/Users/Vtssogari/Documents/GitHub/automateScript/app/solr/build/solr_home/solr_home_3/lib/apache-solr-dataimporthandler-4.1-2013-01-07_23-32-20.jar' to classloader
Jan 11, 2013 5:30:13 PM org.apache.solr.core.SolrResourceLoader replaceClassLoader
INFO: Adding 'file:/C:/Users/Vtssogari/Documents/GitHub/automateScript/app/solr/build/solr_home/solr_home_3/lib/apache-solr-dataimporthandler-extras-4.1-2013-01-07_23-32-20.jar' to classloader
Jan 11, 2013 5:30:13 PM org.apache.solr.core.SolrResourceLoader replaceClassLoader
INFO: Adding 'file:/C:/Users/Vtssogari/Documents/GitHub/automateScript/app/solr/build/solr_home/solr_home_3/lib/apache-solr-langid-4.1-2013-01-07_23-32-20.jar' to classloader
Jan 11, 2013 5:30:13 PM org.apache.solr.core.SolrResourceLoader replaceClassLoader
INFO: Adding 'file:/C:/Users/Vtssogari/Documents/GitHub/automateScript/app/solr/build/solr_home/solr_home_3/lib/apache-solr-solrj-4.1-2013-01-07_23-32-20.jar' to classloader
Jan 11, 2013 5:30:13 PM org.apache.solr.core.SolrResourceLoader replaceClassLoader
INFO: Adding 'file:/C:/Users/Vtssogari/Documents/GitHub/automateScript/app/solr/build/solr_home/solr_home_3/lib/apache-solr-test-framework-4.1-2013-01-07_23-32-20.jar' to classloader
Jan 11, 2013 5:30:13 PM org.apache.solr.core.SolrResourceLoader replaceClassLoader
INFO: Adding 'file:/C:/Users/Vtssogari/Documents/GitHub/automateScript/app/solr/build/solr_home/solr_home_3/lib/apache-solr-uima-4.1-2013-01-07_23-32-20.jar' to classloader
Jan 11, 2013 5:30:13 PM org.apache.solr.core.SolrResourceLoader replaceClassLoader
INFO: Adding 'file:/C:/Users/Vtssogari/Documents/GitHub/automateScript/app/solr/build/solr_home/solr_home_3/lib/apache-solr-velocity-4.1-2013-01-07_23-32-20.jar' to classloader
Jan 11, 2013 5:30:13 PM org.apache.solr.core.SolrResourceLoader replaceClassLoader
INFO: Adding 'file:/C:/Users/Vtssogari/Documents/GitHub/automateScript/app/solr/build/solr_home/solr_home_3/lib/ojdbc14.jar' to classloader
Jan 11, 2013 5:30:13 PM org.apache.solr.core.SolrConfig <init>
INFO: Using Lucene MatchVersion: LUCENE_41
Jan 11, 2013 5:30:13 PM org.apache.solr.core.SolrConfig <init>
INFO: Loaded SolrConfig: solrconfig.xml
Jan 11, 2013 5:30:13 PM org.apache.solr.schema.IndexSchema readSchema
INFO: Reading Solr Schema
Jan 11, 2013 5:30:13 PM org.apache.solr.schema.IndexSchema readSchema
INFO: Schema name=example
Jan 11, 2013 5:30:14 PM org.apache.solr.schema.IndexSchema readSchema
INFO: unique key field: id
Jan 11, 2013 5:30:14 PM org.apache.solr.schema.FileExchangeRateProvider reload
INFO: Reloading exchange rates from file currency.xml
Jan 11, 2013 5:30:14 PM org.apache.solr.schema.FileExchangeRateProvider reload
INFO: Reloading exchange rates from file currency.xml
Jan 11, 2013 5:30:14 PM org.apache.solr.core.SolrCore <init>
INFO: [udid_udi] Opening new SolrCore at C:\Users\Vtssogari\Documents\GitHub\automateScript\app\solr\build\solr_home\solr_home_3\udid_udi\, dataDir=C:\Users\Vtssogari\Documents\GitHub\automateScript\app\solr\build\solr_home\solr_home_3\udid_udi\data\
Jan 11, 2013 5:30:14 PM org.apache.solr.core.JmxMonitoredMap <init>
INFO: JMX monitoring is enabled. Adding Solr mbeans to JMX Server: com.sun.jmx.mbeanserver.JmxMBeanServer@ca8327
Jan 11, 2013 5:30:14 PM org.apache.solr.core.SolrCore initListeners
INFO: [udid_udi] Added SolrEventListener for newSearcher: org.apache.solr.core.QuerySenderListener{queries=[]}
Jan 11, 2013 5:30:14 PM org.apache.solr.core.SolrCore initListeners
INFO: [udid_udi] Added SolrEventListener for firstSearcher: org.apache.solr.core.QuerySenderListener{queries=[{q=static firstSearcher warming in solrconfig.xml}]}
Jan 11, 2013 5:30:14 PM org.apache.solr.core.SolrCore initDirectoryFactory
INFO: solr.NRTCachingDirectoryFactory
Jan 11, 2013 5:30:14 PM org.apache.solr.core.CachingDirectoryFactory get
INFO: return new directory for C:\Users\Vtssogari\Documents\GitHub\automateScript\app\solr\build\solr_home\solr_home_3\udid_udi\data forceNew:false
Jan 11, 2013 5:30:14 PM org.apache.solr.core.CachingDirectoryFactory close
INFO: Releasing directory:C:\Users\Vtssogari\Documents\GitHub\automateScript\app\solr\build\solr_home\solr_home_3\udid_udi\data
Jan 11, 2013 5:30:14 PM org.apache.solr.core.SolrCore getNewIndexDir
INFO: New index directory detected: old=null new=C:\Users\Vtssogari\Documents\GitHub\automateScript\app\solr\build\solr_home\solr_home_3\udid_udi\data\index/
Jan 11, 2013 5:30:14 PM org.apache.solr.core.SolrCore initIndex
WARNING: [udid_udi] Solr index directory 'C:\Users\Vtssogari\Documents\GitHub\automateScript\app\solr\build\solr_home\solr_home_3\udid_udi\data\index' doesn't exist. Creating new index...
Jan 11, 2013 5:30:14 PM org.apache.solr.core.CachingDirectoryFactory get
INFO: return new directory for C:\Users\Vtssogari\Documents\GitHub\automateScript\app\solr\build\solr_home\solr_home_3\udid_udi\data\index forceNew:false
Jan 11, 2013 5:30:14 PM org.apache.solr.core.SolrDeletionPolicy onCommit
INFO: SolrDeletionPolicy.onCommit: commits:num=1
	commit{dir=NRTCachingDirectory(org.apache.lucene.store.SimpleFSDirectory@C:\Users\Vtssogari\Documents\GitHub\automateScript\app\solr\build\solr_home\solr_home_3\udid_udi\data\index lockFactory=org.apache.lucene.store.NativeFSLockFactory@1abcd9b; maxCacheMB=48.0 maxMergeSizeMB=4.0),segFN=segments_1,generation=1,filenames=[segments_1]
Jan 11, 2013 5:30:14 PM org.apache.solr.core.SolrDeletionPolicy updateCommits
INFO: newest commit = 1[segments_1]
Jan 11, 2013 5:30:14 PM org.apache.solr.core.CachingDirectoryFactory close
INFO: Releasing directory:C:\Users\Vtssogari\Documents\GitHub\automateScript\app\solr\build\solr_home\solr_home_3\udid_udi\data\index
Jan 11, 2013 5:30:14 PM org.apache.solr.core.SolrCore initWriters
INFO: created json: solr.JSONResponseWriter
Jan 11, 2013 5:30:14 PM org.apache.solr.core.SolrCore initWriters
INFO: adding lazy queryResponseWriter: solr.VelocityResponseWriter
Jan 11, 2013 5:30:14 PM org.apache.solr.core.SolrCore initWriters
INFO: created velocity: solr.VelocityResponseWriter
Jan 11, 2013 5:30:14 PM org.apache.solr.core.SolrCore initWriters
INFO: created xslt: solr.XSLTResponseWriter
Jan 11, 2013 5:30:14 PM org.apache.solr.response.XSLTResponseWriter init
INFO: xsltCacheLifetimeSeconds=5
Jan 11, 2013 5:30:14 PM org.apache.solr.core.RequestHandlers initHandlersFromConfig
INFO: created /select: solr.SearchHandler
Jan 11, 2013 5:30:14 PM org.apache.solr.core.RequestHandlers initHandlersFromConfig
INFO: created /query: solr.SearchHandler
Jan 11, 2013 5:30:14 PM org.apache.solr.core.RequestHandlers initHandlersFromConfig
INFO: created /get: solr.RealTimeGetHandler
Jan 11, 2013 5:30:14 PM org.apache.solr.core.RequestHandlers initHandlersFromConfig
INFO: created /browse: solr.SearchHandler
Jan 11, 2013 5:30:14 PM org.apache.solr.core.RequestHandlers initHandlersFromConfig
INFO: created /update: solr.UpdateRequestHandler
Jan 11, 2013 5:30:14 PM org.apache.solr.core.RequestHandlers initHandlersFromConfig
INFO: created /update/json: solr.JsonUpdateRequestHandler
Jan 11, 2013 5:30:14 PM org.apache.solr.core.RequestHandlers initHandlersFromConfig
INFO: created /update/csv: solr.CSVRequestHandler
Jan 11, 2013 5:30:14 PM org.apache.solr.core.RequestHandlers initHandlersFromConfig
INFO: adding lazy requestHandler: solr.extraction.ExtractingRequestHandler
Jan 11, 2013 5:30:14 PM org.apache.solr.core.RequestHandlers initHandlersFromConfig
INFO: created /update/extract: solr.extraction.ExtractingRequestHandler
Jan 11, 2013 5:30:14 PM org.apache.solr.core.RequestHandlers initHandlersFromConfig
INFO: created /dataimport: org.apache.solr.handler.dataimport.DataImportHandler
Jan 11, 2013 5:30:14 PM org.apache.solr.core.RequestHandlers initHandlersFromConfig
INFO: adding lazy requestHandler: solr.FieldAnalysisRequestHandler
Jan 11, 2013 5:30:14 PM org.apache.solr.core.RequestHandlers initHandlersFromConfig
INFO: created /analysis/field: solr.FieldAnalysisRequestHandler
Jan 11, 2013 5:30:14 PM org.apache.solr.core.RequestHandlers initHandlersFromConfig
INFO: adding lazy requestHandler: solr.DocumentAnalysisRequestHandler
Jan 11, 2013 5:30:14 PM org.apache.solr.core.RequestHandlers initHandlersFromConfig
INFO: created /analysis/document: solr.DocumentAnalysisRequestHandler
Jan 11, 2013 5:30:14 PM org.apache.solr.core.RequestHandlers initHandlersFromConfig
INFO: created /admin/: solr.admin.AdminHandlers
Jan 11, 2013 5:30:14 PM org.apache.solr.core.RequestHandlers initHandlersFromConfig
INFO: created /admin/ping: solr.PingRequestHandler
Jan 11, 2013 5:30:14 PM org.apache.solr.core.RequestHandlers initHandlersFromConfig
INFO: created /debug/dump: solr.DumpRequestHandler
Jan 11, 2013 5:30:14 PM org.apache.solr.core.RequestHandlers initHandlersFromConfig
INFO: created /replication: solr.ReplicationHandler
Jan 11, 2013 5:30:14 PM org.apache.solr.core.RequestHandlers initHandlersFromConfig
INFO: adding lazy requestHandler: solr.SearchHandler
Jan 11, 2013 5:30:14 PM org.apache.solr.core.RequestHandlers initHandlersFromConfig
INFO: created /spell: solr.SearchHandler
Jan 11, 2013 5:30:14 PM org.apache.solr.core.RequestHandlers initHandlersFromConfig
INFO: adding lazy requestHandler: solr.SearchHandler
Jan 11, 2013 5:30:14 PM org.apache.solr.core.RequestHandlers initHandlersFromConfig
INFO: created /tvrh: solr.SearchHandler
Jan 11, 2013 5:30:14 PM org.apache.solr.core.RequestHandlers initHandlersFromConfig
INFO: adding lazy requestHandler: solr.SearchHandler
Jan 11, 2013 5:30:14 PM org.apache.solr.core.RequestHandlers initHandlersFromConfig
INFO: created /terms: solr.SearchHandler
Jan 11, 2013 5:30:14 PM org.apache.solr.core.RequestHandlers initHandlersFromConfig
INFO: adding lazy requestHandler: solr.SearchHandler
Jan 11, 2013 5:30:14 PM org.apache.solr.core.RequestHandlers initHandlersFromConfig
INFO: created /elevate: solr.SearchHandler
Jan 11, 2013 5:30:14 PM org.apache.solr.handler.loader.XMLLoader init
INFO: xsltCacheLifetimeSeconds=60
Jan 11, 2013 5:30:14 PM org.apache.solr.handler.loader.XMLLoader init
INFO: xsltCacheLifetimeSeconds=60
Jan 11, 2013 5:30:14 PM org.apache.solr.handler.loader.XMLLoader init
INFO: xsltCacheLifetimeSeconds=60
Jan 11, 2013 5:30:14 PM org.apache.solr.core.CachingDirectoryFactory close
INFO: Releasing directory:C:\Users\Vtssogari\Documents\GitHub\automateScript\app\solr\build\solr_home\solr_home_3\udid_udi\data
Jan 11, 2013 5:30:14 PM org.apache.solr.search.SolrIndexSearcher <init>
INFO: Opening Searcher@188c838 main
Jan 11, 2013 5:30:14 PM org.apache.solr.update.CommitTracker <init>
INFO: Hard AutoCommit: if uncommited for 15000ms; 
Jan 11, 2013 5:30:14 PM org.apache.solr.update.CommitTracker <init>
INFO: Soft AutoCommit: disabled
Jan 11, 2013 5:30:14 PM org.apache.solr.handler.component.SpellCheckComponent inform
INFO: Initializing spell checkers
Jan 11, 2013 5:30:14 PM org.apache.solr.spelling.DirectSolrSpellChecker init
INFO: init: {name=default,field=name,classname=solr.DirectSolrSpellChecker,distanceMeasure=internal,accuracy=0.5,maxEdits=2,minPrefix=1,maxInspections=5,minQueryLength=4,maxQueryFrequency=0.01}
Jan 11, 2013 5:30:14 PM org.apache.solr.handler.component.SpellCheckComponent inform
INFO: No queryConverter defined, using default converter
Jan 11, 2013 5:30:14 PM org.apache.solr.cloud.ZkController readConfigName
INFO: Load collection config from:/collections/udid_udi
Jan 11, 2013 5:30:14 PM org.apache.solr.handler.ReplicationHandler inform
INFO: Commits will be reserved for  10000
Jan 11, 2013 5:30:14 PM org.apache.solr.core.QuerySenderListener newSearcher
INFO: QuerySenderListener sending requests to Searcher@188c838 main{StandardDirectoryReader(segments_1:1)}
Jan 11, 2013 5:30:14 PM org.apache.solr.core.CachingDirectoryFactory close
INFO: Releasing directory:C:\Users\Vtssogari\Documents\GitHub\automateScript\app\solr\build\solr_home\solr_home_3\udid_udi\data
Jan 11, 2013 5:30:14 PM org.apache.solr.core.CachingDirectoryFactory close
INFO: Releasing directory:C:\Users\Vtssogari\Documents\GitHub\automateScript\app\solr\build\solr_home\solr_home_3\udid_udi\data\index
Jan 11, 2013 5:30:14 PM org.apache.solr.core.SolrCore execute
INFO: [udid_udi] webapp=null path=null params={event=firstSearcher&q=static+firstSearcher+warming+in+solrconfig.xml&distrib=false} hits=0 status=0 QTime=47 
Jan 11, 2013 5:30:14 PM org.apache.solr.core.QuerySenderListener newSearcher
INFO: QuerySenderListener done.
Jan 11, 2013 5:30:14 PM org.apache.solr.handler.component.SpellCheckComponent$SpellCheckerListener newSearcher
INFO: Loading spell index for spellchecker: default
Jan 11, 2013 5:30:14 PM org.apache.solr.handler.component.SpellCheckComponent$SpellCheckerListener newSearcher
INFO: Loading spell index for spellchecker: wordbreak
Jan 11, 2013 5:30:14 PM org.apache.solr.core.SolrCore registerSearcher
INFO: [udid_udi] Registered new searcher Searcher@188c838 main{StandardDirectoryReader(segments_1:1)}
Jan 11, 2013 5:30:14 PM org.apache.solr.cloud.ZkController publish
INFO: publishing core=udid_udi state=down
Jan 11, 2013 5:30:14 PM org.apache.solr.cloud.ZkController publish
INFO: numShards not found on descriptor - reading it from system property
Jan 11, 2013 5:30:15 PM org.apache.solr.common.cloud.ZkStateReader$2 process
INFO: A cluster state change: WatchedEvent state:SyncConnected type:NodeDataChanged path:/clusterstate.json, has occurred - updating... (live nodes size: 3)
Jan 11, 2013 5:30:16 PM org.apache.solr.core.CoreContainer registerCore
INFO: registering core: udid_udi
Jan 11, 2013 5:30:16 PM org.apache.solr.cloud.ZkController register
INFO: Register replica - core:udid_udi address:http://192.168.92.1:8082/solr collection:udid_udi shard:shard1
Jan 11, 2013 5:30:16 PM org.apache.solr.client.solrj.impl.HttpClientUtil createClient
INFO: Creating new http client, config:maxConnections=10000&maxConnectionsPerHost=20&connTimeout=30000&socketTimeout=30000&retry=false
Jan 11, 2013 5:30:16 PM org.apache.solr.cloud.ZkController register
INFO: We are http://192.168.92.1:8082/solr/udid_udi/ and leader is http://192.168.92.1:8081/solr/udid_udi_shard1_replica1/
Jan 11, 2013 5:30:16 PM org.apache.solr.cloud.ZkController register
INFO: No LogReplay needed for core=udid_udi baseURL=http://192.168.92.1:8082/solr
Jan 11, 2013 5:30:16 PM org.apache.solr.cloud.ZkController checkRecovery
INFO: Core needs to recover:udid_udi
Jan 11, 2013 5:30:16 PM org.apache.solr.update.DefaultSolrCoreState doRecovery
INFO: Running recovery - first canceling any ongoing recovery
Jan 11, 2013 5:30:16 PM org.apache.solr.cloud.RecoveryStrategy run
INFO: Starting recovery process.  core=udid_udi recoveringAfterStartup=true
Jan 11, 2013 5:30:16 PM org.apache.solr.cloud.RecoveryStrategy doRecovery
INFO: ###### startupVersions=[]
Jan 11, 2013 5:30:16 PM org.apache.solr.cloud.ZkController publish
INFO: publishing core=udid_udi state=recovering
Jan 11, 2013 5:30:16 PM org.apache.solr.common.cloud.ZkStateReader updateClusterState
INFO: Updating cloud state from ZooKeeper... 
Jan 11, 2013 5:30:16 PM org.apache.solr.cloud.ZkController publish
INFO: numShards not found on descriptor - reading it from system property
Jan 11, 2013 5:30:16 PM org.apache.solr.core.CoreContainer persistFile
INFO: Persisting cores config to C:\Users\Vtssogari\Documents\GitHub\automateScript\app\solr\build\solr_home\solr_home_3\solr.xml
Jan 11, 2013 5:30:16 PM org.apache.solr.core.SolrXMLSerializer persistFile
INFO: Persisting cores config to C:\Users\Vtssogari\Documents\GitHub\automateScript\app\solr\build\solr_home\solr_home_3\solr.xml
Jan 11, 2013 5:30:16 PM org.apache.solr.client.solrj.impl.HttpClientUtil createClient
INFO: Creating new http client, config:maxConnections=128&maxConnectionsPerHost=32&followRedirects=false
Jan 11, 2013 5:30:16 PM org.apache.solr.common.cloud.ZkStateReader$2 process
INFO: A cluster state change: WatchedEvent state:SyncConnected type:NodeDataChanged path:/clusterstate.json, has occurred - updating... (live nodes size: 3)
Jan 11, 2013 5:30:19 PM org.apache.solr.cloud.RecoveryStrategy doRecovery
INFO: Attempting to PeerSync from http://192.168.92.1:8081/solr/udid_udi_shard1_replica1/ core=udid_udi - recoveringAfterStartup=true
Jan 11, 2013 5:30:19 PM org.apache.solr.client.solrj.impl.HttpClientUtil createClient
INFO: Creating new http client, config:maxConnectionsPerHost=20&maxConnections=10000&connTimeout=30000&socketTimeout=30000&retry=false
Jan 11, 2013 5:30:19 PM org.apache.solr.update.PeerSync sync
INFO: PeerSync: core=udid_udi url=http://192.168.92.1:8082/solr START replicas=[http://192.168.92.1:8081/solr/udid_udi_shard1_replica1/] nUpdates=100
Jan 11, 2013 5:30:19 PM org.apache.solr.update.PeerSync sync
WARNING: no frame of reference to tell of we've missed updates
Jan 11, 2013 5:30:19 PM org.apache.solr.cloud.RecoveryStrategy doRecovery
INFO: PeerSync Recovery was not successful - trying replication. core=udid_udi
Jan 11, 2013 5:30:19 PM org.apache.solr.cloud.RecoveryStrategy doRecovery
INFO: Starting Replication Recovery. core=udid_udi
Jan 11, 2013 5:30:19 PM org.apache.solr.cloud.RecoveryStrategy doRecovery
INFO: Begin buffering updates. core=udid_udi
Jan 11, 2013 5:30:19 PM org.apache.solr.update.UpdateLog bufferUpdates
INFO: Starting to buffer updates. FSUpdateLog{state=ACTIVE, tlog=null}
Jan 11, 2013 5:30:19 PM org.apache.solr.cloud.RecoveryStrategy replicate
INFO: Attempting to replicate from http://192.168.92.1:8081/solr/udid_udi_shard1_replica1/. core=udid_udi
Jan 11, 2013 5:30:19 PM org.apache.solr.client.solrj.impl.HttpClientUtil createClient
INFO: Creating new http client, config:maxConnections=128&maxConnectionsPerHost=32&followRedirects=false
Jan 11, 2013 5:30:19 PM org.apache.solr.client.solrj.impl.HttpClientUtil createClient
INFO: Creating new http client, config:connTimeout=5000&socketTimeout=20000&allowCompression=false&maxConnections=10000&maxConnectionsPerHost=10000
Jan 11, 2013 5:30:19 PM org.apache.solr.handler.SnapPuller <init>
INFO:  No value set for 'pollInterval'. Timer Task not started.
Jan 11, 2013 5:30:19 PM org.apache.solr.handler.SnapPuller fetchLatestIndex
INFO: Master's generation: 3
Jan 11, 2013 5:30:19 PM org.apache.solr.handler.SnapPuller fetchLatestIndex
INFO: Slave's generation: 1
Jan 11, 2013 5:30:19 PM org.apache.solr.handler.SnapPuller fetchLatestIndex
INFO: Starting replication process
Jan 11, 2013 5:30:19 PM org.apache.solr.handler.SnapPuller fetchLatestIndex
INFO: Number of files in latest index in master: 1
Jan 11, 2013 5:30:19 PM org.apache.solr.core.CachingDirectoryFactory get
INFO: return new directory for C:\Users\Vtssogari\Documents\GitHub\automateScript\app\solr\build\solr_home\solr_home_3\udid_udi\data\index.20130111173019325 forceNew:false
Jan 11, 2013 5:30:19 PM org.apache.solr.core.CachingDirectoryFactory close
INFO: Releasing directory:C:\Users\Vtssogari\Documents\GitHub\automateScript\app\solr\build\solr_home\solr_home_3\udid_udi\data
Jan 11, 2013 5:30:19 PM org.apache.solr.handler.SnapPuller fetchLatestIndex
INFO: Starting download to NRTCachingDirectory(org.apache.lucene.store.SimpleFSDirectory@C:\Users\Vtssogari\Documents\GitHub\automateScript\app\solr\build\solr_home\solr_home_3\udid_udi\data\index.20130111173019325 lockFactory=org.apache.lucene.store.NativeFSLockFactory@659812; maxCacheMB=48.0 maxMergeSizeMB=4.0) fullCopy=true
Jan 11, 2013 5:30:19 PM org.apache.solr.core.CachingDirectoryFactory close
INFO: Releasing directory:C:\Users\Vtssogari\Documents\GitHub\automateScript\app\solr\build\solr_home\solr_home_3\udid_udi\data\index
Jan 11, 2013 5:30:19 PM org.apache.solr.handler.SnapPuller fetchLatestIndex
INFO: Total time taken for download : 0 secs
Jan 11, 2013 5:30:19 PM org.apache.solr.handler.SnapPuller modifyIndexProps
INFO: New index installed. Updating index properties... index=index.20130111173019325
Jan 11, 2013 5:30:19 PM org.apache.solr.core.CachingDirectoryFactory close
INFO: Releasing directory:C:\Users\Vtssogari\Documents\GitHub\automateScript\app\solr\build\solr_home\solr_home_3\udid_udi\data
Jan 11, 2013 5:30:19 PM org.apache.solr.core.CachingDirectoryFactory close
INFO: Releasing directory:C:\Users\Vtssogari\Documents\GitHub\automateScript\app\solr\build\solr_home\solr_home_3\udid_udi\data
Jan 11, 2013 5:30:19 PM org.apache.solr.core.SolrCore getNewIndexDir
INFO: New index directory detected: old=C:\Users\Vtssogari\Documents\GitHub\automateScript\app\solr\build\solr_home\solr_home_3\udid_udi\data\index/ new=C:\Users\Vtssogari\Documents\GitHub\automateScript\app\solr\build\solr_home\solr_home_3\udid_udi\data\index.20130111173019325
Jan 11, 2013 5:30:19 PM org.apache.solr.core.SolrDeletionPolicy onInit
INFO: SolrDeletionPolicy.onInit: commits:num=1
	commit{dir=NRTCachingDirectory(org.apache.lucene.store.SimpleFSDirectory@C:\Users\Vtssogari\Documents\GitHub\automateScript\app\solr\build\solr_home\solr_home_3\udid_udi\data\index.20130111173019325 lockFactory=org.apache.lucene.store.NativeFSLockFactory@659812; maxCacheMB=48.0 maxMergeSizeMB=4.0),segFN=segments_3,generation=3,filenames=[segments_3]
Jan 11, 2013 5:30:19 PM org.apache.solr.core.SolrDeletionPolicy updateCommits
INFO: newest commit = 3[segments_3]
Jan 11, 2013 5:30:19 PM org.apache.solr.core.CachingDirectoryFactory close
INFO: Releasing directory:C:\Users\Vtssogari\Documents\GitHub\automateScript\app\solr\build\solr_home\solr_home_3\udid_udi\data
Jan 11, 2013 5:30:19 PM org.apache.solr.update.DefaultSolrCoreState newIndexWriter
INFO: Creating new IndexWriter...
Jan 11, 2013 5:30:19 PM org.apache.solr.update.DefaultSolrCoreState newIndexWriter
INFO: Waiting until IndexWriter is unused... core=udid_udi
Jan 11, 2013 5:30:19 PM org.apache.solr.update.DefaultSolrCoreState newIndexWriter
INFO: Rollback old IndexWriter... core=udid_udi
Jan 11, 2013 5:30:19 PM org.apache.solr.core.CachingDirectoryFactory close
INFO: Releasing directory:C:\Users\Vtssogari\Documents\GitHub\automateScript\app\solr\build\solr_home\solr_home_3\udid_udi\data\index.20130111173019325
Jan 11, 2013 5:30:19 PM org.apache.solr.core.CachingDirectoryFactory close
INFO: Releasing directory:C:\Users\Vtssogari\Documents\GitHub\automateScript\app\solr\build\solr_home\solr_home_3\udid_udi\data
Jan 11, 2013 5:30:19 PM org.apache.solr.core.SolrDeletionPolicy onInit
INFO: SolrDeletionPolicy.onInit: commits:num=1
	commit{dir=NRTCachingDirectory(org.apache.lucene.store.SimpleFSDirectory@C:\Users\Vtssogari\Documents\GitHub\automateScript\app\solr\build\solr_home\solr_home_3\udid_udi\data\index.20130111173019325 lockFactory=org.apache.lucene.store.NativeFSLockFactory@659812; maxCacheMB=48.0 maxMergeSizeMB=4.0),segFN=segments_3,generation=3,filenames=[segments_3]
Jan 11, 2013 5:30:19 PM org.apache.solr.core.SolrDeletionPolicy updateCommits
INFO: newest commit = 3[segments_3]
Jan 11, 2013 5:30:19 PM org.apache.solr.update.DefaultSolrCoreState newIndexWriter
INFO: New IndexWriter is ready to be used.
Jan 11, 2013 5:30:19 PM org.apache.solr.core.CachingDirectoryFactory close
INFO: Releasing directory:C:\Users\Vtssogari\Documents\GitHub\automateScript\app\solr\build\solr_home\solr_home_3\udid_udi\data
Jan 11, 2013 5:30:19 PM org.apache.solr.search.SolrIndexSearcher <init>
INFO: Opening Searcher@86d597 main
Jan 11, 2013 5:30:19 PM org.apache.solr.core.QuerySenderListener newSearcher
INFO: QuerySenderListener sending requests to Searcher@86d597 main{StandardDirectoryReader(segments_3:1:nrt)}
Jan 11, 2013 5:30:19 PM org.apache.solr.core.QuerySenderListener newSearcher
INFO: QuerySenderListener done.
Jan 11, 2013 5:30:19 PM org.apache.solr.core.SolrCore registerSearcher
INFO: [udid_udi] Registered new searcher Searcher@86d597 main{StandardDirectoryReader(segments_3:1:nrt)}
Jan 11, 2013 5:30:19 PM org.apache.solr.core.CachingDirectoryFactory close
INFO: Releasing directory:C:\Users\Vtssogari\Documents\GitHub\automateScript\app\solr\build\solr_home\solr_home_3\udid_udi\data\index
Jan 11, 2013 5:30:19 PM org.apache.solr.update.DirectUpdateHandler2 commit
INFO: start commit{,optimize=false,openSearcher=false,waitSearcher=false,expungeDeletes=false,softCommit=false}
Jan 11, 2013 5:30:19 PM org.apache.solr.core.SolrDeletionPolicy onCommit
INFO: SolrDeletionPolicy.onCommit: commits:num=2
	commit{dir=NRTCachingDirectory(org.apache.lucene.store.SimpleFSDirectory@C:\Users\Vtssogari\Documents\GitHub\automateScript\app\solr\build\solr_home\solr_home_3\udid_udi\data\index.20130111173019325 lockFactory=org.apache.lucene.store.NativeFSLockFactory@659812; maxCacheMB=48.0 maxMergeSizeMB=4.0),segFN=segments_3,generation=3,filenames=[segments_3]
	commit{dir=NRTCachingDirectory(org.apache.lucene.store.SimpleFSDirectory@C:\Users\Vtssogari\Documents\GitHub\automateScript\app\solr\build\solr_home\solr_home_3\udid_udi\data\index.20130111173019325 lockFactory=org.apache.lucene.store.NativeFSLockFactory@659812; maxCacheMB=48.0 maxMergeSizeMB=4.0),segFN=segments_4,generation=4,filenames=[segments_4]
Jan 11, 2013 5:30:19 PM org.apache.solr.core.SolrDeletionPolicy updateCommits
INFO: newest commit = 4[segments_4]
Jan 11, 2013 5:30:19 PM org.apache.solr.core.CachingDirectoryFactory close
INFO: Releasing directory:C:\Users\Vtssogari\Documents\GitHub\automateScript\app\solr\build\solr_home\solr_home_3\udid_udi\data
Jan 11, 2013 5:30:19 PM org.apache.solr.update.DirectUpdateHandler2 commit
INFO: end_commit_flush
Jan 11, 2013 5:30:19 PM org.apache.solr.core.CachingDirectoryFactory close
INFO: Releasing directory:C:\Users\Vtssogari\Documents\GitHub\automateScript\app\solr\build\solr_home\solr_home_3\udid_udi\data\index.20130111173019325
Jan 11, 2013 5:30:19 PM org.apache.solr.core.CachingDirectoryFactory close
INFO: Releasing directory:C:\Users\Vtssogari\Documents\GitHub\automateScript\app\solr\build\solr_home\solr_home_3\udid_udi\data\index
Jan 11, 2013 5:30:19 PM org.apache.solr.cloud.RecoveryStrategy replay
INFO: No replay needed. core=udid_udi
Jan 11, 2013 5:30:19 PM org.apache.solr.cloud.RecoveryStrategy doRecovery
INFO: Replication Recovery was successful - registering as Active. core=udid_udi
Jan 11, 2013 5:30:19 PM org.apache.solr.cloud.ZkController publish
INFO: publishing core=udid_udi state=active
Jan 11, 2013 5:30:19 PM org.apache.solr.cloud.ZkController publish
INFO: numShards not found on descriptor - reading it from system property
Jan 11, 2013 5:30:19 PM org.apache.solr.cloud.RecoveryStrategy doRecovery
INFO: Finished recovery process. core=udid_udi
Jan 11, 2013 5:30:19 PM org.apache.solr.common.cloud.ZkStateReader$2 process
INFO: A cluster state change: WatchedEvent state:SyncConnected type:NodeDataChanged path:/clusterstate.json, has occurred - updating... (live nodes size: 3)
Jan 11, 2013 5:30:20 PM org.apache.solr.core.CachingDirectoryFactory close
INFO: Releasing directory:C:\Users\Vtssogari\Documents\GitHub\automateScript\app\solr\build\solr_home\solr_home_3\udid_udi\data\index
Jan 11, 2013 5:30:20 PM org.apache.solr.core.SolrCore execute
INFO: [udid_udi] webapp=/solr path=/admin/system params={wt=json} status=0 QTime=0 
Jan 11, 2013 5:30:21 PM org.apache.solr.core.SolrCore execute
INFO: [udid_udi] webapp=/solr path=/admin/file/ params={file=admin-extra.menu-top.html} status=0 QTime=0 
Jan 11, 2013 5:30:21 PM org.apache.solr.core.SolrCore execute
INFO: [udid_udi] webapp=/solr path=/admin/file/ params={file=admin-extra.menu-bottom.html} status=0 QTime=0 
Jan 11, 2013 5:30:21 PM org.apache.solr.core.CachingDirectoryFactory close
INFO: Releasing directory:C:\Users\Vtssogari\Documents\GitHub\automateScript\app\solr\build\solr_home\solr_home_3\udid_udi\data
Jan 11, 2013 5:30:21 PM org.apache.solr.core.SolrCore execute
INFO: [udid_udi] webapp=/solr path=/admin/luke params={numTerms=0&show=index&wt=json} status=0 QTime=0 
Jan 11, 2013 5:30:21 PM org.apache.solr.core.CachingDirectoryFactory close
INFO: Releasing directory:C:\Users\Vtssogari\Documents\GitHub\automateScript\app\solr\build\solr_home\solr_home_3\udid_udi\data\index.20130111173019325
Jan 11, 2013 5:30:21 PM org.apache.solr.core.SolrCore execute
INFO: [udid_udi] webapp=/solr path=/dataimport params={command=details&wt=json} status=0 QTime=0 
Jan 11, 2013 5:30:21 PM org.apache.solr.core.SolrCore execute
INFO: [udid_udi] webapp=/solr path=/admin/ping params={action=status&wt=json} status=503 QTime=0 
Jan 11, 2013 5:30:21 PM org.apache.solr.core.SolrCore execute
INFO: [udid_udi] webapp=/solr path=/admin/file/ params={file=admin-extra.html} status=0 QTime=0 
Jan 11, 2013 5:30:21 PM org.apache.solr.core.SolrCore execute
INFO: [udid_udi] webapp=/solr path=/replication params={command=details&wt=json} status=0 QTime=16 
Jan 11, 2013 5:30:24 PM org.apache.solr.core.SolrCore execute
INFO: [udid_udi] webapp=/solr path=/select params={indent=true&q=*:*&wt=xml} hits=0 status=0 QTime=0 
Jan 11, 2013 5:47:04 PM org.apache.solr.core.SolrCore execute
INFO: [udid_udi] webapp=/solr path=/dataimport params={command=details&wt=json} status=0 QTime=8 
Jan 11, 2013 5:47:04 PM org.apache.solr.core.SolrCore execute
INFO: [udid_udi] webapp=/solr path=/admin/file/ params={file=admin-extra.html} status=0 QTime=14 
Jan 11, 2013 5:47:04 PM org.apache.solr.core.SolrCore execute
INFO: [udid_udi] webapp=/solr path=/admin/luke params={numTerms=0&show=index&wt=json} status=0 QTime=9 
Jan 11, 2013 5:47:04 PM org.apache.solr.core.SolrCore execute
INFO: [udid_udi] webapp=/solr path=/admin/ping params={action=status&wt=json} status=503 QTime=9 
Jan 11, 2013 5:47:04 PM org.apache.solr.core.CachingDirectoryFactory close
INFO: Releasing directory:C:\Users\Vtssogari\Documents\GitHub\automateScript\app\solr\build\solr_home\solr_home_3\udid_udi\data
Jan 11, 2013 5:47:04 PM org.apache.solr.core.CachingDirectoryFactory close
INFO: Releasing directory:C:\Users\Vtssogari\Documents\GitHub\automateScript\app\solr\build\solr_home\solr_home_3\udid_udi\data\index.20130111173019325
Jan 11, 2013 5:47:04 PM org.apache.solr.core.SolrCore execute
INFO: [udid_udi] webapp=/solr path=/replication params={command=details&wt=json} status=0 QTime=51 
Jan 11, 2013 5:47:07 PM org.apache.solr.core.SolrCore execute
INFO: [udid_udi] webapp=/solr path=/select params={indent=true&q=*:*&wt=xml} hits=0 status=0 QTime=3 
Jan 11, 2013 6:10:57 PM org.apache.solr.core.SolrCore execute
INFO: [udid_udi] webapp=/solr path=/admin/luke params={numTerms=0&show=index&wt=json} status=0 QTime=1 
Jan 11, 2013 6:10:57 PM org.apache.solr.core.CachingDirectoryFactory close
INFO: Releasing directory:C:\Users\Vtssogari\Documents\GitHub\automateScript\app\solr\build\solr_home\solr_home_3\udid_udi\data
Jan 11, 2013 6:10:57 PM org.apache.solr.core.SolrCore execute
INFO: [udid_udi] webapp=/solr path=/dataimport params={command=details&wt=json} status=0 QTime=1 
Jan 11, 2013 6:10:57 PM org.apache.solr.core.SolrCore execute
INFO: [udid_udi] webapp=/solr path=/admin/ping params={action=status&wt=json} status=503 QTime=0 
Jan 11, 2013 6:10:57 PM org.apache.solr.core.SolrCore execute
INFO: [udid_udi] webapp=/solr path=/admin/file/ params={file=admin-extra.html} status=0 QTime=7 
Jan 11, 2013 6:10:57 PM org.apache.solr.core.CachingDirectoryFactory close
INFO: Releasing directory:C:\Users\Vtssogari\Documents\GitHub\automateScript\app\solr\build\solr_home\solr_home_3\udid_udi\data\index.20130111173019325
Jan 11, 2013 6:10:57 PM org.apache.solr.core.SolrCore execute
INFO: [udid_udi] webapp=/solr path=/replication params={command=details&wt=json} status=0 QTime=41 
Jan 11, 2013 6:11:00 PM org.apache.solr.core.SolrCore execute
INFO: [udid_udi] webapp=/solr path=/select params={indent=true&q=*:*&wt=xml} hits=0 status=0 QTime=1 
Jan 11, 2013 6:11:02 PM org.apache.solr.core.SolrCore execute
INFO: [udid_udi] webapp=/solr path=/select params={indent=true&q=*:*&wt=xml} hits=0 status=0 QTime=1 
Jan 11, 2013 6:11:10 PM org.apache.solr.core.SolrCore execute
INFO: [udid_udi] webapp=/solr path=/select params={indent=true&q=*:*&wt=xml} hits=0 status=0 QTime=1 
Jan 11, 2013 6:11:11 PM org.apache.solr.core.SolrCore execute
INFO: [udid_udi] webapp=/solr path=/select params={indent=true&q=*:*&wt=xml} hits=0 status=0 QTime=0 
Jan 11, 2013 6:11:12 PM org.apache.solr.core.SolrCore execute
INFO: [udid_udi] webapp=/solr path=/select params={indent=true&q=*:*&wt=xml} hits=0 status=0 QTime=0 
Jan 11, 2013 6:11:14 PM org.apache.solr.core.SolrCore execute
INFO: [udid_udi] webapp=/solr path=/admin/luke params={numTerms=0&show=index&wt=json} status=0 QTime=1 
Jan 11, 2013 6:11:14 PM org.apache.solr.core.SolrCore execute
INFO: [udid_udi] webapp=/solr path=/admin/ping params={action=status&wt=json} status=503 QTime=0 
Jan 11, 2013 6:11:14 PM org.apache.solr.core.CachingDirectoryFactory close
INFO: Releasing directory:C:\Users\Vtssogari\Documents\GitHub\automateScript\app\solr\build\solr_home\solr_home_3\udid_udi\data
Jan 11, 2013 6:11:14 PM org.apache.solr.core.CachingDirectoryFactory close
INFO: Releasing directory:C:\Users\Vtssogari\Documents\GitHub\automateScript\app\solr\build\solr_home\solr_home_3\udid_udi\data\index.20130111173019325
Jan 11, 2013 6:11:14 PM org.apache.solr.core.SolrCore execute
INFO: [udid_udi] webapp=/solr path=/dataimport params={command=details&wt=json} status=0 QTime=2 
Jan 11, 2013 6:11:14 PM org.apache.solr.core.SolrCore execute
INFO: [udid_udi] webapp=/solr path=/admin/file/ params={file=admin-extra.html} status=0 QTime=15 
Jan 11, 2013 6:11:14 PM org.apache.solr.core.SolrCore execute
INFO: [udid_udi] webapp=/solr path=/replication params={command=details&wt=json} status=0 QTime=30 
Jan 11, 2013 6:21:00 PM org.apache.solr.update.processor.LogUpdateProcessor finish
INFO: [udid_udi] webapp=/solr path=/update params={distrib.from=http://192.168.92.1:8081/solr/udid_udi_shard1_replica1/&update.distrib=FROMLEADER&wt=javabin&version=2} {add=[abc (1423910067032293376)]} 0 405
Jan 11, 2013 6:21:01 PM org.apache.solr.update.DirectUpdateHandler2 commit
INFO: start commit{,optimize=false,openSearcher=true,waitSearcher=true,expungeDeletes=false,softCommit=false}
Jan 11, 2013 6:21:02 PM org.apache.solr.core.SolrDeletionPolicy onCommit
INFO: SolrDeletionPolicy.onCommit: commits:num=2
	commit{dir=NRTCachingDirectory(org.apache.lucene.store.SimpleFSDirectory@C:\Users\Vtssogari\Documents\GitHub\automateScript\app\solr\build\solr_home\solr_home_3\udid_udi\data\index.20130111173019325 lockFactory=org.apache.lucene.store.NativeFSLockFactory@659812; maxCacheMB=48.0 maxMergeSizeMB=4.0),segFN=segments_4,generation=4,filenames=[segments_4]
	commit{dir=NRTCachingDirectory(org.apache.lucene.store.SimpleFSDirectory@C:\Users\Vtssogari\Documents\GitHub\automateScript\app\solr\build\solr_home\solr_home_3\udid_udi\data\index.20130111173019325 lockFactory=org.apache.lucene.store.NativeFSLockFactory@659812; maxCacheMB=48.0 maxMergeSizeMB=4.0),segFN=segments_5,generation=5,filenames=[_0.fnm, _0_Lucene41_0.doc, _0_Lucene41_0.pos, _0_nrm.cfe, _0.fdx, _0_nrm.cfs, _0.si, segments_5, _0_Lucene41_0.tim, _0.fdt, _0_Lucene41_0.tip]
Jan 11, 2013 6:21:02 PM org.apache.solr.core.SolrDeletionPolicy updateCommits
INFO: newest commit = 5[_0.fnm, _0_Lucene41_0.doc, _0_Lucene41_0.pos, _0_nrm.cfe, _0.fdx, _0_nrm.cfs, _0.si, segments_5, _0_Lucene41_0.tim, _0.fdt, _0_Lucene41_0.tip]
Jan 11, 2013 6:21:02 PM org.apache.solr.core.CachingDirectoryFactory close
INFO: Releasing directory:C:\Users\Vtssogari\Documents\GitHub\automateScript\app\solr\build\solr_home\solr_home_3\udid_udi\data
Jan 11, 2013 6:21:02 PM org.apache.solr.search.SolrIndexSearcher <init>
INFO: Opening Searcher@c70f32 main
Jan 11, 2013 6:21:02 PM org.apache.solr.update.DirectUpdateHandler2 commit
INFO: end_commit_flush
Jan 11, 2013 6:21:02 PM org.apache.solr.core.QuerySenderListener newSearcher
INFO: QuerySenderListener sending requests to Searcher@c70f32 main{StandardDirectoryReader(segments_5:3 _0(4.1):C1)}
Jan 11, 2013 6:21:02 PM org.apache.solr.core.QuerySenderListener newSearcher
INFO: QuerySenderListener done.
Jan 11, 2013 6:21:02 PM org.apache.solr.core.SolrCore registerSearcher
INFO: [udid_udi] Registered new searcher Searcher@c70f32 main{StandardDirectoryReader(segments_5:3 _0(4.1):C1)}
Jan 11, 2013 6:21:02 PM org.apache.solr.core.CachingDirectoryFactory close
INFO: Releasing directory:C:\Users\Vtssogari\Documents\GitHub\automateScript\app\solr\build\solr_home\solr_home_3\udid_udi\data\index.20130111173019325
Jan 11, 2013 6:21:02 PM org.apache.solr.update.processor.LogUpdateProcessor finish
INFO: [udid_udi] webapp=/solr path=/update params={waitSearcher=true&commit=true&wt=javabin&expungeDeletes=false&commit_end_point=true&version=2&softCommit=false} {commit=} 0 505
Jan 11, 2013 6:21:11 PM org.apache.solr.core.SolrCore execute
INFO: [udid_udi] webapp=/solr path=/select params={indent=true&q=*:*&wt=xml} hits=1 status=0 QTime=11 
Jan 11, 2013 8:55:41 PM org.apache.zookeeper.ClientCnxn$SendThread run
WARNING: Session 0x13c2bb936ed0000 for server 127.0.0.1/127.0.0.1:2181, unexpected error, closing socket connection and attempting reconnect
java.io.IOException: An existing connection was forcibly closed by the remote host
	at sun.nio.ch.SocketDispatcher.read0(Native Method)
	at sun.nio.ch.SocketDispatcher.read(SocketDispatcher.java:25)
	at sun.nio.ch.IOUtil.readIntoNativeBuffer(IOUtil.java:198)
	at sun.nio.ch.IOUtil.read(IOUtil.java:166)
	at sun.nio.ch.SocketChannelImpl.read(SocketChannelImpl.java:243)
	at org.apache.zookeeper.ClientCnxnSocketNIO.doIO(ClientCnxnSocketNIO.java:68)
	at org.apache.zookeeper.ClientCnxnSocketNIO.doTransport(ClientCnxnSocketNIO.java:355)
	at org.apache.zookeeper.ClientCnxn$SendThread.run(ClientCnxn.java:1068)
Jan 11, 2013 8:55:41 PM org.apache.solr.common.cloud.ConnectionManager process
INFO: Watcher org.apache.solr.common.cloud.ConnectionManager@15fb38 name:ZooKeeperConnection Watcher:localhost:2181,localhost:2182,localhost:2183 got event WatchedEvent state:Disconnected type:None path:null path:null type:None
Jan 11, 2013 8:55:41 PM org.apache.solr.common.cloud.ConnectionManager process
INFO: zkClient has disconnected
Jan 11, 2013 8:55:41 PM org.apache.zookeeper.ClientCnxn$SendThread logStartConnect
INFO: Opening socket connection to server 127.0.0.1/127.0.0.1:2183. Will not attempt to authenticate using SASL (Unable to locate a login configuration)
Jan 11, 2013 8:55:41 PM org.apache.zookeeper.ClientCnxn$SendThread primeConnection
INFO: Socket connection established to 127.0.0.1/127.0.0.1:2183, initiating session
Jan 11, 2013 8:55:41 PM org.apache.zookeeper.ClientCnxn$SendThread onConnected
INFO: Session establishment complete on server 127.0.0.1/127.0.0.1:2183, sessionid = 0x13c2bb936ed0000, negotiated timeout = 20000
Jan 11, 2013 8:55:41 PM org.apache.solr.common.cloud.ConnectionManager process
INFO: Watcher org.apache.solr.common.cloud.ConnectionManager@15fb38 name:ZooKeeperConnection Watcher:localhost:2181,localhost:2182,localhost:2183 got event WatchedEvent state:SyncConnected type:None path:null path:null type:None
Jan 11, 2013 8:55:51 PM org.apache.zookeeper.ClientCnxn$SendThread run
WARNING: Session 0x13c2bb936ed0000 for server 127.0.0.1/127.0.0.1:2183, unexpected error, closing socket connection and attempting reconnect
java.io.IOException: An existing connection was forcibly closed by the remote host
	at sun.nio.ch.SocketDispatcher.read0(Native Method)
	at sun.nio.ch.SocketDispatcher.read(SocketDispatcher.java:25)
	at sun.nio.ch.IOUtil.readIntoNativeBuffer(IOUtil.java:198)
	at sun.nio.ch.IOUtil.read(IOUtil.java:166)
	at sun.nio.ch.SocketChannelImpl.read(SocketChannelImpl.java:243)
	at org.apache.zookeeper.ClientCnxnSocketNIO.doIO(ClientCnxnSocketNIO.java:68)
	at org.apache.zookeeper.ClientCnxnSocketNIO.doTransport(ClientCnxnSocketNIO.java:355)
	at org.apache.zookeeper.ClientCnxn$SendThread.run(ClientCnxn.java:1068)
Jan 11, 2013 8:55:51 PM org.apache.solr.common.cloud.ConnectionManager process
INFO: Watcher org.apache.solr.common.cloud.ConnectionManager@15fb38 name:ZooKeeperConnection Watcher:localhost:2181,localhost:2182,localhost:2183 got event WatchedEvent state:Disconnected type:None path:null path:null type:None
Jan 11, 2013 8:55:51 PM org.apache.solr.common.cloud.ConnectionManager process
INFO: zkClient has disconnected
Jan 11, 2013 8:55:52 PM org.apache.zookeeper.ClientCnxn$SendThread logStartConnect
INFO: Opening socket connection to server 0:0:0:0:0:0:0:1/0:0:0:0:0:0:0:1:2181. Will not attempt to authenticate using SASL (Unable to locate a login configuration)
Jan 11, 2013 8:55:52 PM org.apache.zookeeper.ClientCnxnSocketNIO connect
SEVERE: Unable to open socket to 0:0:0:0:0:0:0:1/0:0:0:0:0:0:0:1:2181
Jan 11, 2013 8:55:52 PM org.apache.zookeeper.ClientCnxn$SendThread run
WARNING: Session 0x13c2bb936ed0000 for server null, unexpected error, closing socket connection and attempting reconnect
java.net.SocketException: Address family not supported by protocol family: connect
	at sun.nio.ch.Net.connect(Native Method)
	at sun.nio.ch.SocketChannelImpl.connect(SocketChannelImpl.java:500)
	at org.apache.zookeeper.ClientCnxnSocketNIO.registerAndConnect(ClientCnxnSocketNIO.java:266)
	at org.apache.zookeeper.ClientCnxnSocketNIO.connect(ClientCnxnSocketNIO.java:276)
	at org.apache.zookeeper.ClientCnxn$SendThread.startConnect(ClientCnxn.java:958)
	at org.apache.zookeeper.ClientCnxn$SendThread.run(ClientCnxn.java:993)
Jan 11, 2013 8:55:52 PM org.apache.zookeeper.ClientCnxn$SendThread logStartConnect
INFO: Opening socket connection to server 0:0:0:0:0:0:0:1/0:0:0:0:0:0:0:1:2182. Will not attempt to authenticate using SASL (Unable to locate a login configuration)
Jan 11, 2013 8:55:52 PM org.apache.zookeeper.ClientCnxnSocketNIO connect
SEVERE: Unable to open socket to 0:0:0:0:0:0:0:1/0:0:0:0:0:0:0:1:2182
Jan 11, 2013 8:55:52 PM org.apache.zookeeper.ClientCnxn$SendThread run
WARNING: Session 0x13c2bb936ed0000 for server null, unexpected error, closing socket connection and attempting reconnect
java.net.SocketException: Address family not supported by protocol family: connect
	at sun.nio.ch.Net.connect(Native Method)
	at sun.nio.ch.SocketChannelImpl.connect(SocketChannelImpl.java:500)
	at org.apache.zookeeper.ClientCnxnSocketNIO.registerAndConnect(ClientCnxnSocketNIO.java:266)
	at org.apache.zookeeper.ClientCnxnSocketNIO.connect(ClientCnxnSocketNIO.java:276)
	at org.apache.zookeeper.ClientCnxn$SendThread.startConnect(ClientCnxn.java:958)
	at org.apache.zookeeper.ClientCnxn$SendThread.run(ClientCnxn.java:993)
Jan 11, 2013 8:55:52 PM org.apache.zookeeper.ClientCnxn$SendThread logStartConnect
INFO: Opening socket connection to server 127.0.0.1/127.0.0.1:2182. Will not attempt to authenticate using SASL (Unable to locate a login configuration)
Jan 11, 2013 8:55:52 PM org.apache.zookeeper.ClientCnxn$SendThread primeConnection
INFO: Socket connection established to 127.0.0.1/127.0.0.1:2182, initiating session
Jan 11, 2013 8:55:52 PM org.apache.zookeeper.ClientCnxn$SendThread onConnected
INFO: Session establishment complete on server 127.0.0.1/127.0.0.1:2182, sessionid = 0x13c2bb936ed0000, negotiated timeout = 20000
Jan 11, 2013 8:55:52 PM org.apache.solr.common.cloud.ConnectionManager process
INFO: Watcher org.apache.solr.common.cloud.ConnectionManager@15fb38 name:ZooKeeperConnection Watcher:localhost:2181,localhost:2182,localhost:2183 got event WatchedEvent state:SyncConnected type:None path:null path:null type:None
Jan 11, 2013 8:55:53 PM org.apache.zookeeper.ClientCnxn$SendThread run
WARNING: Session 0x13c2bb936ed0000 for server 127.0.0.1/127.0.0.1:2182, unexpected error, closing socket connection and attempting reconnect
java.io.IOException: An existing connection was forcibly closed by the remote host
	at sun.nio.ch.SocketDispatcher.read0(Native Method)
	at sun.nio.ch.SocketDispatcher.read(SocketDispatcher.java:25)
	at sun.nio.ch.IOUtil.readIntoNativeBuffer(IOUtil.java:198)
	at sun.nio.ch.IOUtil.read(IOUtil.java:166)
	at sun.nio.ch.SocketChannelImpl.read(SocketChannelImpl.java:243)
	at org.apache.zookeeper.ClientCnxnSocketNIO.doIO(ClientCnxnSocketNIO.java:68)
	at org.apache.zookeeper.ClientCnxnSocketNIO.doTransport(ClientCnxnSocketNIO.java:355)
	at org.apache.zookeeper.ClientCnxn$SendThread.run(ClientCnxn.java:1068)
Jan 11, 2013 8:55:53 PM org.apache.solr.common.cloud.ConnectionManager process
INFO: Watcher org.apache.solr.common.cloud.ConnectionManager@15fb38 name:ZooKeeperConnection Watcher:localhost:2181,localhost:2182,localhost:2183 got event WatchedEvent state:Disconnected type:None path:null path:null type:None
Jan 11, 2013 8:55:53 PM org.apache.solr.common.cloud.ConnectionManager process
INFO: zkClient has disconnected
Jan 11, 2013 8:55:53 PM org.apache.zookeeper.ClientCnxn$SendThread logStartConnect
INFO: Opening socket connection to server 0:0:0:0:0:0:0:1/0:0:0:0:0:0:0:1:2183. Will not attempt to authenticate using SASL (Unable to locate a login configuration)
Jan 11, 2013 8:55:53 PM org.apache.zookeeper.ClientCnxnSocketNIO connect
SEVERE: Unable to open socket to 0:0:0:0:0:0:0:1/0:0:0:0:0:0:0:1:2183
Jan 11, 2013 8:55:53 PM org.apache.zookeeper.ClientCnxn$SendThread run
WARNING: Session 0x13c2bb936ed0000 for server null, unexpected error, closing socket connection and attempting reconnect
java.net.SocketException: Address family not supported by protocol family: connect
	at sun.nio.ch.Net.connect(Native Method)
	at sun.nio.ch.SocketChannelImpl.connect(SocketChannelImpl.java:500)
	at org.apache.zookeeper.ClientCnxnSocketNIO.registerAndConnect(ClientCnxnSocketNIO.java:266)
	at org.apache.zookeeper.ClientCnxnSocketNIO.connect(ClientCnxnSocketNIO.java:276)
	at org.apache.zookeeper.ClientCnxn$SendThread.startConnect(ClientCnxn.java:958)
	at org.apache.zookeeper.ClientCnxn$SendThread.run(ClientCnxn.java:993)
Jan 11, 2013 8:55:54 PM org.apache.zookeeper.ClientCnxn$SendThread logStartConnect
INFO: Opening socket connection to server 127.0.0.1/127.0.0.1:2181. Will not attempt to authenticate using SASL (Unable to locate a login configuration)
Jan 11, 2013 8:55:55 PM org.apache.zookeeper.ClientCnxn$SendThread run
WARNING: Session 0x13c2bb936ed0000 for server null, unexpected error, closing socket connection and attempting reconnect
java.net.ConnectException: Connection refused: no further information
	at sun.nio.ch.SocketChannelImpl.checkConnect(Native Method)
	at sun.nio.ch.SocketChannelImpl.finishConnect(SocketChannelImpl.java:567)
	at org.apache.zookeeper.ClientCnxnSocketNIO.doTransport(ClientCnxnSocketNIO.java:350)
	at org.apache.zookeeper.ClientCnxn$SendThread.run(ClientCnxn.java:1068)
Jan 11, 2013 8:55:56 PM org.apache.zookeeper.ClientCnxn$SendThread logStartConnect
INFO: Opening socket connection to server 127.0.0.1/127.0.0.1:2183. Will not attempt to authenticate using SASL (Unable to locate a login configuration)
